<?xml version="1.0" encoding="UTF-8"?>
<testsuite name="exercise.AppTest" tests="2" skipped="0" failures="0" errors="0" timestamp="2021-10-04T17:41:03" hostname="MaxMain" time="0.05">
  <properties/>
  <testcase name="testGetUserByYear()" classname="exercise.AppTest" time="0.047"/>
  <testcase name="testBuildList()" classname="exercise.AppTest" time="0.002"/>
  <system-out><![CDATA[]]></system-out>
  <system-err><![CDATA[]]></system-err>
</testsuite>
