<?xml version="1.0" encoding="UTF-8"?>
<testsuite name="exercise.AppTest" tests="5" skipped="0" failures="0" errors="0" timestamp="2021-09-21T20:26:18" hostname="MaxMain" time="0.048">
  <properties/>
  <testcase name="testGetTypeOfTriangle1()" classname="exercise.AppTest" time="0.043"/>
  <testcase name="testGetTypeOfTriangle2()" classname="exercise.AppTest" time="0.001"/>
  <testcase name="testGetTypeOfTriangle3()" classname="exercise.AppTest" time="0.001"/>
  <testcase name="testGetTypeOfTriangle4()" classname="exercise.AppTest" time="0.0"/>
  <testcase name="testGetTypeOfTriangle5()" classname="exercise.AppTest" time="0.0"/>
  <system-out><![CDATA[]]></system-out>
  <system-err><![CDATA[]]></system-err>
</testsuite>
