<?xml version="1.0" encoding="UTF-8"?>
<testsuite name="exercise.AppTest" tests="1" skipped="0" failures="0" errors="0" timestamp="2021-09-23T00:45:59" hostname="MaxMain" time="0.041">
  <properties/>
  <testcase name="testSort()" classname="exercise.AppTest" time="0.041"/>
  <system-out><![CDATA[]]></system-out>
  <system-err><![CDATA[]]></system-err>
</testsuite>
