<?xml version="1.0" encoding="UTF-8"?>
<testsuite name="exercise.AppTest" tests="2" skipped="0" failures="0" errors="0" timestamp="2021-09-22T18:05:21" hostname="MaxMain" time="0.054">
  <properties/>
  <testcase name="testGetIndexOfMaxNegative()" classname="exercise.AppTest" time="0.049"/>
  <testcase name="testGetElementsLessAverage()" classname="exercise.AppTest" time="0.004"/>
  <system-out><![CDATA[]]></system-out>
  <system-err><![CDATA[]]></system-err>
</testsuite>
