<?xml version="1.0" encoding="UTF-8"?>
<testsuite name="exercise.AppTest" tests="2" skipped="0" failures="0" errors="0" timestamp="2021-09-22T13:56:02" hostname="MaxMain" time="0.053">
  <properties/>
  <testcase name="testMult()" classname="exercise.AppTest" time="0.042"/>
  <testcase name="testReverse()" classname="exercise.AppTest" time="0.01"/>
  <system-out><![CDATA[]]></system-out>
  <system-err><![CDATA[]]></system-err>
</testsuite>
