<?xml version="1.0" encoding="UTF-8"?>
<testsuite name="exercise.AppTest" tests="1" skipped="0" failures="0" errors="0" timestamp="2021-09-28T17:03:57" hostname="MaxMain" time="0.087">
  <properties/>
  <testcase name="testKennel()" classname="exercise.AppTest" time="0.087"/>
  <system-out><![CDATA[]]></system-out>
  <system-err><![CDATA[]]></system-err>
</testsuite>
