<?xml version="1.0" encoding="UTF-8"?>
<testsuite name="exercise.TriangleTest" tests="2" skipped="0" failures="0" errors="0" timestamp="2021-09-21T18:39:27" hostname="MaxMain" time="0.005">
  <properties/>
  <testcase name="testMain()" classname="exercise.TriangleTest" time="0.004"/>
  <testcase name="testGetSquare()" classname="exercise.TriangleTest" time="0.0"/>
  <system-out><![CDATA[]]></system-out>
  <system-err><![CDATA[]]></system-err>
</testsuite>
