<?xml version="1.0" encoding="UTF-8"?>
<testsuite name="exercise.ConverterTest" tests="4" skipped="0" failures="0" errors="0" timestamp="2021-09-21T18:39:27" hostname="MaxMain" time="0.049">
  <properties/>
  <testcase name="testMain()" classname="exercise.ConverterTest" time="0.044"/>
  <testcase name="testConvertWithKb()" classname="exercise.ConverterTest" time="0.002"/>
  <testcase name="testConvertWithMb()" classname="exercise.ConverterTest" time="0.001"/>
  <testcase name="testConvertWithBite()" classname="exercise.ConverterTest" time="0.0"/>
  <system-out><![CDATA[]]></system-out>
  <system-err><![CDATA[]]></system-err>
</testsuite>
