<?xml version="1.0" encoding="UTF-8"?>
<testsuite name="exercise.AppTest" tests="1" skipped="0" failures="0" errors="0" timestamp="2021-10-04T16:19:13" hostname="MaxMain" time="0.084">
  <properties/>
  <testcase name="testOutput()" classname="exercise.AppTest" time="0.084"/>
  <system-out><![CDATA[]]></system-out>
  <system-err><![CDATA[]]></system-err>
</testsuite>
